{"/Users/tongrhj/Github/codecoverage-test/src/index.js":{"path":"/Users/tongrhj/Github/codecoverage-test/src/index.js","s":{"1":1,"2":1,"3":1,"4":1,"5":1,"6":0},"b":{"1":[1,0]},"f":{"1":1},"fnMap":{"1":{"name":"(anonymous_1)","line":4,"loc":{"start":{"line":4,"column":15},"end":{"line":4,"column":27}}}},"statementMap":{"1":{"start":{"line":0,"column":0},"end":{"line":0,"column":0},"skip":true},"2":{"start":{"line":4,"column":15},"end":{"line":null,"column":null}},"3":{"start":{"line":5,"column":8},"end":{"line":5,"column":26}},"4":{"start":{"line":7,"column":6},"end":{"line":9,"column":3}},"5":{"start":{"line":8,"column":11},"end":{"line":8,"column":15}},"6":{"start":{"line":11,"column":9},"end":{"line":11,"column":14}}},"branchMap":{"1":{"line":7,"type":"if","locations":[{"start":{"line":7,"column":6},"end":{"line":7,"column":6}},{"start":{"line":7,"column":6},"end":{"line":7,"column":6}}]}}}}